<?xml version="1.0" encoding="UTF-8"?>
<!-- Generated by org.testng.reporters.JUnitReportReporter -->
<testsuite hostname="DESKTOP-8EV8VJ6" failures="0" tests="3" name="flights.api_tests.TestNG2" time="18.048" errors="0" timestamp="9 Nov 2022 08:11:02 GMT">
  <testcase classname="flights.api_tests.TestNG2" name="testEmptyEmailLogin" time="6.848"/>
  <testcase classname="flights.api_tests.TestNG2" name="testQuestions" time="5.278"/>
  <testcase classname="flights.api_tests.TestNG2" name="testInvalidEmailLogin" time="5.922"/>
</testsuite> <!-- flights.api_tests.TestNG2 -->
