<?xml version="1.0" encoding="UTF-8"?>
<!-- Generated by org.testng.reporters.JUnitReportReporter -->
<testsuite hostname="DESKTOP-M71QCA7" failures="0" tests="1" name="flights.api_tests.TestNG" time="4.757" errors="0" timestamp="4 Nov 2022 14:57:07 GMT">
  <testcase classname="flights.api_tests.TestNG" name="f" time="4.757"/>
</testsuite> <!-- flights.api_tests.TestNG -->
